

times in msec
 clock   self+sourced   self:  sourced script
 clock   elapsed:              other lines

000.013  000.013: --- NVIM STARTING ---
002.282  002.268: event init
003.916  001.634: early init
004.351  000.436: locale set
004.811  000.459: init first window
006.797  001.986: inits 1
006.814  000.017: window checked
006.819  000.005: parsing arguments
009.028  000.253  000.253: require('vim.shared')
009.149  000.043  000.043: require('vim._meta')
009.152  000.118  000.074: require('vim._editor')
009.153  000.405  000.034: require('vim._init_packages')
009.156  001.932: init lua interpreter
009.201  000.045: expanding arguments
009.440  000.239: inits 2
009.918  000.478: init highlight
009.920  000.002: waiting for UI
011.223  001.302: done waiting for UI
011.238  000.015: clear screen
011.637  000.399: init default mappings
011.658  000.022: init default autocommands
018.360  000.592  000.592: sourcing /usr/local/share/nvim/runtime/ftplugin.vim
020.224  000.193  000.193: sourcing /usr/local/share/nvim/runtime/indent.vim
025.272  000.512  000.512: require('packer.util')
025.459  004.892  004.380: require('packer')
025.901  000.438  000.438: require('packer.log')
026.944  000.376  000.376: require('packer.async')
027.611  000.273  000.273: require('packer.result')
027.618  000.669  000.396: require('packer.jobs')
027.623  001.694  000.649: require('packer.plugin_utils')
028.013  000.377  000.377: require('packer.snapshot')
029.394  000.361  000.361: require('mason-core.path')
029.408  000.621  000.260: require('mason.settings')
030.249  000.462  000.462: require('mason-core.functional')
030.753  000.203  000.203: require('mason-core.functional.data')
030.760  000.495  000.292: require('mason-core.functional.function')
030.989  000.213  000.213: require('mason-core.functional.relation')
031.221  000.223  000.223: require('mason-core.functional.logic')
031.240  001.829  000.437: require('mason-core.platform')
031.243  002.813  000.363: require('mason')
032.228  000.385  000.385: require('mason-core.functional.list')
032.249  000.884  000.498: require('mason.api.command')
032.454  012.003  000.905: require('packer-config')
036.686  000.514  000.514: require('gruvbox.treesitter')
036.697  001.132  000.618: require('gruvbox.util')
038.336  000.322  000.322: require('gruvbox.colors')
038.341  001.642  001.320: require('gruvbox.theme')
038.608  000.265  000.265: require('gruvbox.config')
038.612  003.495  000.456: require('gruvbox')
040.701  000.007  000.007: require('vim.F')
040.740  001.941  001.934: require('vim.diagnostic')
042.281  000.271  000.271: require('vim.treesitter.language')
042.294  001.039  000.768: require('vim.treesitter.query')
042.869  000.573  000.573: require('vim.treesitter.languagetree')
042.913  002.148  000.536: require('vim.treesitter')
043.345  000.428  000.428: require('vim.treesitter.highlighter')
044.675  009.679  001.667: sourcing /home/adri/.local/share/nvim/site/pack/packer/start/gruvbox.nvim/colors/gruvbox.lua
044.690  012.232  002.554: require('colors.gruvbox')
044.975  000.008  000.008: require('vim.keymap')
045.082  000.389  000.381: require('mappings')
046.371  000.305  000.305: require('lualine_require')
047.352  002.073  001.768: require('lualine')
054.010  000.317  000.317: require('lualine.utils.mode')
058.974  013.841  011.451: require('plugins.lualine-config')
063.009  000.439  000.439: require('plenary.bit')
063.286  000.272  000.272: require('plenary.functional')
063.321  000.022  000.022: require('ffi')
063.335  001.654  000.921: require('plenary.path')
063.343  002.229  000.575: require('plenary.strings')
063.599  000.254  000.254: require('telescope.deprecated')
064.876  000.418  000.418: require('plenary.log')
064.895  000.671  000.253: require('telescope.log')
066.172  000.648  000.648: require('plenary.job')
066.426  000.250  000.250: require('telescope.state')
066.435  001.537  000.639: require('telescope.utils')
066.442  002.840  000.633: require('telescope.sorters')
066.499  000.046  000.046: require('vim.inspect')
068.420  007.842  002.472: require('telescope.config')
070.311  000.651  000.651: require('plenary.window.border')
070.608  000.291  000.291: require('plenary.window')
070.870  000.258  000.258: require('plenary.popup.utils')
070.876  002.413  001.213: require('plenary.popup')
071.336  000.457  000.457: require('telescope.pickers.scroller')
071.635  000.295  000.295: require('telescope.actions.state')
072.013  000.374  000.374: require('telescope.actions.utils')
072.880  000.416  000.416: require('telescope.actions.mt')
072.912  000.895  000.479: require('telescope.actions.set')
073.878  000.564  000.564: require('telescope.config.resolve')
073.883  000.968  000.404: require('telescope.pickers.entry_display')
074.174  000.289  000.289: require('telescope.from_entry')
074.512  015.390  001.857: require('telescope.actions')
075.357  000.436  000.436: require('telescope._extensions')
075.362  000.847  000.411: require('telescope')
078.865  019.885  003.647: require('plugins.telescope-config')
082.776  000.983  000.983: require('nvim-treesitter.parsers')
083.149  000.368  000.368: require('nvim-treesitter.utils')
083.157  001.901  000.549: require('nvim-treesitter.ts_utils')
083.163  002.217  000.316: require('nvim-treesitter.tsrange')
083.417  000.252  000.252: require('nvim-treesitter.caching')
083.428  003.013  000.544: require('nvim-treesitter.query')
083.443  004.344  001.331: require('nvim-treesitter.configs')
084.646  000.372  000.372: require('nvim-treesitter.info')
085.212  000.559  000.559: require('nvim-treesitter.shell_command_selectors')
085.253  001.755  000.824: require('nvim-treesitter.install')
086.651  007.780  001.680: require('plugins.treesitter-config')
087.895  000.224  000.224: require('diffview.lazy')
088.129  001.170  000.946: require('diffview.actions')
089.406  000.350  000.350: require('diffview.oop')
089.421  000.671  000.321: require('diffview.events')
089.428  000.897  000.226: require('diffview.bootstrap')
089.917  000.487  000.487: require('diffview.hl')
094.419  006.286  004.901: require('diffview')
095.507  001.052  001.052: require('diffview.config')
096.982  001.469  001.469: require('diffview.utils')
100.081  013.422  003.446: require('plugins.diffview')
100.599  000.327  000.327: require('Comment')
100.767  000.163  000.163: require('Comment.config')
101.887  000.363  000.363: require('Comment.ft')
101.896  000.825  000.462: require('Comment.utils')
102.188  000.290  000.290: require('Comment.opfunc')
102.397  000.205  000.205: require('Comment.extra')
102.403  001.581  000.260: require('Comment.api')
102.670  002.582  000.512: require('plugins.comment')
102.848  000.174  000.174: require('plugins.ultisnips')
102.984  000.132  000.132: require('plugins.vimwiki')
104.560  000.454  000.454: require('dap.utils')
104.587  001.427  000.973: require('dap')
106.712  000.503  000.503: require('dapui.config')
106.719  000.914  000.411: require('dapui.util')
107.462  000.406  000.406: require('dapui.render.canvas')
107.760  000.294  000.294: require('dapui.render.loop')
107.764  001.043  000.343: require('dapui.render')
108.138  000.372  000.372: require('dapui.windows.layout')
108.144  002.834  000.505: require('dapui.windows')
108.150  003.542  000.709: require('dapui')
109.021  000.311  000.311: require('dapui.config.highlights')
109.658  000.509  000.509: require('dapui.state')
110.015  000.346  000.346: require('dapui.elements.console')
110.246  000.225  000.225: require('dapui.elements.breakpoints')
110.877  000.280  000.280: require('dapui.components.buf_breakpoints')
110.882  000.632  000.352: require('dapui.components.breakpoints')
111.138  000.249  000.249: require('dapui.elements.repl')
111.383  000.240  000.240: require('dapui.elements.scopes')
112.016  000.356  000.356: require('dapui.components.variables')
112.021  000.634  000.278: require('dapui.components.scopes')
112.195  000.170  000.170: require('dapui.elements.stacks')
112.748  000.276  000.276: require('dapui.components.frames')
112.752  000.554  000.278: require('dapui.components.threads')
112.928  000.169  000.169: require('dapui.elements.watches')
113.290  000.358  000.358: require('dapui.components.watches')
113.851  000.303  000.303: require('dapui.components.hover')
113.856  000.541  000.238: require('dapui.elements.hover')
113.931  010.943  001.036: require('plugins.dap')
114.096  000.162  000.162: require('plugins.undotree')
117.511  000.687  000.687: require('nvim-tree.notify')
117.520  000.994  000.307: require('nvim-tree.events')
118.717  000.311  000.311: require('nvim-tree.log')
120.051  000.385  000.385: require('nvim-tree.iterators.node-iterator')
120.091  001.368  000.984: require('nvim-tree.utils')
120.487  000.393  000.393: require('nvim-tree.git.utils')
120.851  000.361  000.361: require('nvim-tree.git.runner')
121.184  000.329  000.329: require('nvim-tree.watcher')
121.482  000.294  000.294: require('nvim-tree.explorer.node')
121.488  003.576  000.520: require('nvim-tree.git')
121.792  000.302  000.302: require('nvim-tree.explorer.watch')
122.372  000.284  000.284: require('nvim-tree.explorer.node-builders')
122.719  000.343  000.343: require('nvim-tree.explorer.sorters')
123.041  000.318  000.318: require('nvim-tree.explorer.filters')
124.007  000.609  000.609: require('nvim-tree.view')
124.013  000.968  000.359: require('nvim-tree.live-filter')
124.016  002.220  000.306: require('nvim-tree.explorer.explore')
124.397  000.379  000.379: require('nvim-tree.explorer.reload')
124.402  006.881  000.404: require('nvim-tree.explorer')
124.406  008.117  000.242: require('nvim-tree.core')
124.794  000.386  000.386: require('nvim-tree.diagnostics')
125.399  000.257  000.257: require('nvim-tree.modified')
125.404  000.606  000.350: require('nvim-tree.renderer.components.modified')
125.724  000.318  000.318: require('nvim-tree.renderer.components.padding')
126.015  000.280  000.280: require('nvim-tree.renderer.components.icons')
126.323  000.304  000.304: require('nvim-tree.renderer.components.full-name')
126.608  000.282  000.282: require('nvim-tree.renderer.help')
126.965  000.353  000.353: require('nvim-tree.renderer.components.git')
127.469  000.500  000.500: require('nvim-tree.renderer.builder')
127.888  000.415  000.415: require('nvim-tree.marks')
127.895  012.025  000.464: require('nvim-tree.renderer')
128.355  000.454  000.454: require('nvim-tree.actions.tree-modifiers.collapse-all')
128.692  000.333  000.333: require('nvim-tree.actions.root.dir-up')
129.001  000.305  000.305: require('nvim-tree.actions.root.change-dir')
129.383  000.378  000.378: require('nvim-tree.actions.reloaders.reloaders')
129.773  000.386  000.386: require('nvim-tree.actions.finders.find-file')
129.776  014.408  000.526: require('nvim-tree.lib')
130.092  000.313  000.313: require('nvim-tree.colors')
130.360  000.263  000.263: require('nvim-tree.legacy')
130.885  000.522  000.522: require('nvim-tree.actions.fs.copy-paste')
131.500  000.280  000.280: require('nvim-tree.actions.tree-modifiers.expand-all')
131.769  000.265  000.265: require('nvim-tree.actions.tree-modifiers.toggles')
132.106  000.332  000.332: require('nvim-tree.actions.fs.create-file')
132.402  000.292  000.292: require('nvim-tree.actions.fs.rename-file')
132.732  000.326  000.326: require('nvim-tree.actions.fs.trash')
133.062  000.326  000.326: require('nvim-tree.actions.fs.remove-file')
133.413  000.348  000.348: require('nvim-tree.actions.moves.parent')
133.673  000.255  000.255: require('nvim-tree.actions.moves.sibling')
133.930  000.254  000.254: require('nvim-tree.actions.moves.item')
134.217  000.280  000.280: require('nvim-tree.actions.finders.search-node')
134.564  000.344  000.344: require('nvim-tree.actions.node.run-command')
134.861  000.294  000.294: require('nvim-tree.actions.node.file-popup')
135.151  000.287  000.287: require('nvim-tree.actions.node.system-open')
135.428  000.273  000.273: require('nvim-tree.marks.bulk-move')
135.433  004.542  000.385: require('nvim-tree.actions.dispatch')
135.449  021.063  001.016: require('nvim-tree')
138.237  000.498  000.498: require('nvim-tree.actions')
138.714  000.470  000.470: require('nvim-tree.actions.node.open-file')
140.589  000.315  000.315: require('nvim-tree.marks.navigation')
140.612  000.755  000.440: require('nvim-tree.api')
140.637  001.157  000.402: require('nvim-tree.keymap')
142.328  001.301  001.301: require('nvim-web-devicons')
144.302  030.203  005.714: require('plugins.nvim-tree')
144.307  099.222  000.098: require('plugins')
144.862  000.552  000.552: require('settings')
146.010  000.262  000.262: require('cmp_nvim_lsp.source')
146.015  000.683  000.420: require('cmp_nvim_lsp')
146.420  000.399  000.399: require('neodev')
146.674  000.249  000.249: require('neodev.config')
147.311  000.302  000.302: require('neodev.util')
147.318  000.630  000.328: require('neodev.lsp')
151.537  000.472  000.472: require('vim.lsp.log')
152.682  001.140  001.140: require('vim.lsp.protocol')
155.130  000.681  000.681: require('vim.lsp._snippet')
155.515  000.380  000.380: require('vim.highlight')
155.538  002.851  001.790: require('vim.lsp.util')
155.575  005.395  000.933: require('vim.lsp.handlers')
156.406  000.828  000.828: require('vim.lsp.rpc')
157.024  000.613  000.613: require('vim.lsp.sync')
158.253  001.219  001.219: require('vim.lsp.buf')
158.939  000.681  000.681: require('vim.lsp.diagnostic')
159.696  000.752  000.752: require('vim.lsp.codelens')
159.882  011.612  002.124: require('vim.lsp')
160.143  012.823  001.211: require('lspconfig.util')
161.808  000.864  000.864: require('lspconfig.configs')
161.814  001.211  000.347: require('lspconfig')
162.298  000.482  000.482: require('lspconfig.server_configurations.pyright')
163.215  000.604  000.604: require('lspconfig.server_configurations.jdtls')
163.758  000.331  000.331: require('lspconfig.server_configurations.texlab')
164.214  000.259  000.259: require('lspconfig.server_configurations.sumneko_lua')
164.417  019.409  001.738: require('lsp-config.language-servers')
166.842  000.258  000.258: require('luasnip.session')
167.472  000.624  000.624: require('luasnip.util.util')
167.627  000.151  000.151: require('luasnip.util.types')
168.101  000.236  000.236: require('luasnip.util.ext_opts')
168.106  000.475  000.239: require('luasnip.nodes.util')
168.254  000.146  000.146: require('luasnip.util.events')
168.266  002.021  000.367: require('luasnip.nodes.node')
168.825  000.189  000.189: require('luasnip.util.extend_decorator')
168.834  000.566  000.377: require('luasnip.nodes.insertNode')
169.020  000.184  000.184: require('luasnip.nodes.textNode')
169.271  000.247  000.247: require('luasnip.util.mark')
170.249  000.719  000.719: require('luasnip.util._builtin_vars')
170.432  001.157  000.438: require('luasnip.util.environ')
170.643  000.208  000.208: require('luasnip.util.pattern_tokenizer')
170.811  000.163  000.163: require('luasnip.util.dict')
171.109  000.295  000.295: require('luasnip.session.snippet_collection')
171.146  005.827  000.985: require('luasnip.nodes.snippet')
171.660  000.173  000.173: require('luasnip.loaders._caches')
171.930  000.266  000.266: require('luasnip.util.path')
171.958  000.809  000.370: require('luasnip.loaders')
172.221  000.255  000.255: require('luasnip.util.log')
172.504  000.268  000.268: require('luasnip.nodes.functionNode')
172.926  000.418  000.418: require('luasnip.nodes.choiceNode')
173.322  000.391  000.391: require('luasnip.nodes.dynamicNode')
173.698  000.372  000.372: require('luasnip.nodes.restoreNode')
174.767  000.252  000.252: require('luasnip.util.parser.neovim_ast')
175.793  000.212  000.212: require('luasnip.util.directed_graph')
175.802  001.738  001.274: require('luasnip.util.parser.ast_utils')
176.286  000.159  000.159: require('luasnip.util.functions')
176.293  000.489  000.330: require('luasnip.util.parser.ast_parser')
176.740  000.445  000.445: require('luasnip.util.parser.neovim_parser')
176.967  000.223  000.223: require('luasnip.util.str')
176.975  003.271  000.376: require('luasnip.util.parser')
177.564  000.286  000.286: require('luasnip.extras.filetype_functions')
177.732  000.155  000.155: require('luasnip.nodes.absolute_indexer')
178.006  000.271  000.271: require('luasnip.extras')
178.306  000.296  000.296: require('luasnip.extras.fmt')
178.878  000.179  000.179: require('luasnip.extras.conditions')
179.053  000.154  000.154: require('luasnip.extras.conditions.show')
179.115  000.655  000.322: require('luasnip.extras.conditions.expand')
179.117  000.808  000.152: require('luasnip.extras.expand_conditions')
179.326  000.206  000.206: require('luasnip.extras.postfix')
179.591  002.614  000.592: require('luasnip.config')
179.596  014.971  000.746: require('luasnip')
180.272  000.284  000.284: require('luasnip.loaders.util')
180.468  000.192  000.192: require('luasnip.nodes.snippetProxy')
180.476  000.877  000.401: require('luasnip.loaders.from_vscode')
182.445  000.322  000.322: require('cmp.utils.debug')
183.090  000.340  000.340: require('cmp.utils.char')
183.099  000.649  000.309: require('cmp.utils.str')
183.329  000.228  000.228: require('cmp.utils.pattern')
184.372  000.365  000.365: require('cmp.utils.misc')
184.590  000.214  000.214: require('cmp.utils.buffer')
184.869  000.276  000.276: require('cmp.utils.api')
184.877  001.283  000.429: require('cmp.utils.keymap')
184.881  001.548  000.265: require('cmp.utils.feedkeys')
185.211  000.328  000.328: require('cmp.utils.async')
186.029  000.242  000.242: require('cmp.types.cmp')
186.404  000.370  000.370: require('cmp.types.lsp')
186.648  000.240  000.240: require('cmp.types.vim')
186.652  001.170  000.317: require('cmp.types')
186.929  000.275  000.275: require('cmp.utils.cache')
186.935  001.720  000.275: require('cmp.context')
188.310  000.457  000.457: require('cmp.config.mapping')
188.998  000.400  000.400: require('cmp.config.compare')
189.002  000.686  000.286: require('cmp.config.default')
189.014  001.559  000.416: require('cmp.config')
190.098  000.377  000.377: require('cmp.matcher')
190.106  001.090  000.713: require('cmp.entry')
190.113  003.177  000.528: require('cmp.source')
190.690  000.236  000.236: require('cmp.utils.event')
191.550  000.432  000.432: require('cmp.utils.window')
191.555  000.861  000.429: require('cmp.view.docs_view')
192.408  000.253  000.253: require('cmp.utils.autocmd')
192.421  000.864  000.612: require('cmp.view.custom_entries_view')
192.855  000.433  000.433: require('cmp.view.wildmenu_entries_view')
193.215  000.356  000.356: require('cmp.view.native_entries_view')
193.497  000.277  000.277: require('cmp.view.ghost_text_view')
193.516  003.400  000.373: require('cmp.view')
193.563  012.099  000.726: require('cmp.core')
193.884  000.222  000.222: require('cmp.config.sources')
194.093  000.205  000.205: require('cmp.config.window')
194.148  013.366  000.840: require('cmp')
194.580  000.429  000.429: require('lspkind')
197.233  000.234  000.234: require('nvim-autopairs._log')
197.595  000.357  000.357: require('nvim-autopairs.utils')
198.775  000.454  000.454: require('nvim-autopairs.conds')
198.783  000.816  000.362: require('nvim-autopairs.rule')
198.785  001.185  000.369: require('nvim-autopairs.rules.basic')
198.794  002.589  000.812: require('nvim-autopairs')
199.059  000.262  000.262: require('nvim-autopairs.completion.handlers')
199.067  003.391  000.540: require('nvim-autopairs.completion.cmp')
199.141  034.720  001.685: require('lsp-config.nvim-cmp')
199.394  000.249  000.249: require('lsp-config.handlers')
199.974  000.440  000.440: require('lspconfig.ui.windows')
199.978  000.581  000.140: require('lsp-config.settings')
199.980  055.112  000.153: require('lsp-config')
199.983  179.656  000.146: sourcing /home/adri/.config/nvim/init.lua
199.997  007.898: sourcing vimrc file(s)
200.913  000.114  000.114: sourcing /home/adri/.local/share/nvim/site/pack/packer/start/LuaSnip/ftdetect/snippets.vim
201.370  000.103  000.103: sourcing /home/adri/.local/share/nvim/site/pack/packer/start/ultisnips/ftdetect/snippets.vim
201.649  000.119  000.119: sourcing /home/adri/.local/share/nvim/site/pack/packer/start/vim-fugitive/ftdetect/fugitive.vim
202.169  000.122  000.122: sourcing /home/adri/.local/share/nvim/site/pack/packer/start/vimtex/ftdetect/cls.vim
202.312  000.119  000.119: sourcing /home/adri/.local/share/nvim/site/pack/packer/start/vimtex/ftdetect/tex.vim
202.438  000.103  000.103: sourcing /home/adri/.local/share/nvim/site/pack/packer/start/vimtex/ftdetect/tikz.vim
202.833  002.421  001.741: sourcing /usr/local/share/nvim/runtime/filetype.lua
203.021  000.153  000.153: sourcing /usr/local/share/nvim/runtime/filetype.vim
205.209  000.205  000.205: sourcing /usr/local/share/nvim/runtime/syntax/synload.vim
205.363  001.895  001.691: sourcing /usr/local/share/nvim/runtime/syntax/syntax.vim
206.898  000.231  000.231: sourcing /usr/local/share/nvim/runtime/plugin/gzip.vim
207.029  000.107  000.107: sourcing /usr/local/share/nvim/runtime/plugin/health.vim
207.169  000.119  000.119: sourcing /usr/local/share/nvim/runtime/plugin/man.vim
207.942  000.272  000.272: sourcing /usr/local/share/nvim/runtime/pack/dist/opt/matchit/plugin/matchit.vim
208.053  000.863  000.591: sourcing /usr/local/share/nvim/runtime/plugin/matchit.vim
208.344  000.268  000.268: sourcing /usr/local/share/nvim/runtime/plugin/matchparen.vim
208.499  000.129  000.129: sourcing /usr/local/share/nvim/runtime/plugin/netrwPlugin.vim
208.864  000.096  000.096: sourcing /home/adri/.local/share/nvim/rplugin.vim
208.875  000.353  000.257: sourcing /usr/local/share/nvim/runtime/plugin/rplugin.vim
209.046  000.149  000.149: sourcing /usr/local/share/nvim/runtime/plugin/shada.vim
209.194  000.124  000.124: sourcing /usr/local/share/nvim/runtime/plugin/spellfile.vim
209.434  000.216  000.216: sourcing /usr/local/share/nvim/runtime/plugin/tarPlugin.vim
209.661  000.201  000.201: sourcing /usr/local/share/nvim/runtime/plugin/tohtml.vim
209.807  000.121  000.121: sourcing /usr/local/share/nvim/runtime/plugin/tutor.vim
210.085  000.253  000.253: sourcing /usr/local/share/nvim/runtime/plugin/zipPlugin.vim
212.723  001.663  001.663: require('lspsaga')
213.823  000.366  000.366: require('lspsaga.window')
213.835  000.760  000.393: require('lspsaga.libs')
214.524  000.248  000.248: require('lspsaga.wrap')
214.532  000.695  000.447: require('lspsaga.codeaction')
214.554  001.826  000.371: require('lspsaga.lightbulb')
214.839  000.263  000.263: require('lspsaga.lspkind')
215.499  000.176  000.176: require('cmp_nvim_ultisnips.snippets')
215.504  000.383  000.207: require('cmp_nvim_ultisnips.source')
215.663  000.157  000.157: require('cmp_nvim_ultisnips.config')
215.667  000.822  000.281: require('cmp_nvim_ultisnips')
216.933  000.308  000.308: require('todo-comments.util')
216.944  000.766  000.458: require('todo-comments.config')
217.815  000.557  000.557: require('todo-comments.highlight')
217.820  000.874  000.317: require('todo-comments.jump')
217.823  002.140  000.500: require('todo-comments')
218.784  000.424  000.424: require('packer.load')
221.517  000.257  000.257: require('nvim-treesitter.statusline')
221.909  000.386  000.386: require('nvim-treesitter.query_predicates')
221.913  002.371  001.728: require('nvim-treesitter')
222.338  002.930  000.558: sourcing /home/adri/.local/share/nvim/site/pack/packer/start/nvim-treesitter/plugin/nvim-treesitter.lua
224.880  001.925  001.925: require('nvim-treesitter-textobjects')
226.317  000.428  000.428: require('nvim-treesitter.textobjects.shared')
226.326  001.067  000.639: require('nvim-treesitter.textobjects.select')
227.047  000.347  000.347: require('nvim-treesitter.textobjects.attach')
227.057  000.706  000.359: require('nvim-treesitter.textobjects.move')
227.423  000.320  000.320: require('nvim-treesitter.textobjects.swap')
227.807  000.361  000.361: require('nvim-treesitter.textobjects.lsp_interop')
227.857  005.015  000.636: sourcing /home/adri/.local/share/nvim/site/pack/packer/opt/nvim-treesitter-textobjects/plugin/nvim-treesitter-textobjects.vim
228.015  017.810  002.728: sourcing /home/adri/.config/nvim/plugin/packer_compiled.lua
228.407  000.170  000.170: sourcing /usr/local/share/nvim/runtime/plugin/man.lua
228.425  002.844: loading rtp plugins
229.380  000.325  000.325: sourcing /home/adri/.local/share/nvim/site/pack/packer/start/Comment.nvim/plugin/Comment.lua
229.844  000.269  000.269: sourcing /home/adri/.local/share/nvim/site/pack/packer/start/LuaSnip/plugin/luasnip.vim
230.389  000.186  000.186: sourcing /home/adri/.local/share/nvim/site/pack/packer/start/diffview.nvim/plugin/diffview.lua
231.172  000.446  000.446: sourcing /home/adri/.local/share/nvim/site/pack/packer/start/lspsaga.nvim/plugin/lspsaga.lua
231.975  000.253  000.253: require('cmp.utils.highlight')
232.310  000.768  000.516: sourcing /home/adri/.local/share/nvim/site/pack/packer/start/nvim-cmp/plugin/cmp.lua
232.643  000.119  000.119: sourcing /home/adri/.local/share/nvim/site/pack/packer/start/nvim-colorizer.lua/plugin/colorizer.vim
233.131  000.222  000.222: sourcing /home/adri/.local/share/nvim/site/pack/packer/start/nvim-dap/plugin/dap.lua
233.694  000.312  000.312: sourcing /home/adri/.local/share/nvim/site/pack/packer/start/nvim-lspconfig/plugin/lspconfig.lua
233.914  000.039  000.039: sourcing /home/adri/.local/share/nvim/site/pack/packer/start/nvim-treesitter/plugin/nvim-treesitter.lua
234.259  000.150  000.150: sourcing /home/adri/.local/share/nvim/site/pack/packer/start/nvim-web-devicons/plugin/nvim-web-devicons.vim
234.670  000.137  000.137: sourcing /home/adri/.local/share/nvim/site/pack/packer/start/plenary.nvim/plugin/plenary.vim
235.438  000.497  000.497: sourcing /home/adri/.local/share/nvim/site/pack/packer/start/telescope.nvim/plugin/telescope.lua
235.791  000.126  000.126: sourcing /home/adri/.local/share/nvim/site/pack/packer/start/todo-comments.nvim/plugin/todo.vim
237.178  000.152  000.152: sourcing /home/adri/.local/share/nvim/site/pack/packer/start/ultisnips/autoload/UltiSnips/map_keys.vim
237.248  001.207  001.055: sourcing /home/adri/.local/share/nvim/site/pack/packer/start/ultisnips/plugin/UltiSnips.vim
237.743  000.242  000.242: sourcing /home/adri/.local/share/nvim/site/pack/packer/start/undotree/plugin/undotree.vim
239.169  001.186  001.186: sourcing /home/adri/.local/share/nvim/site/pack/packer/start/vim-fugitive/plugin/fugitive.vim
239.570  000.130  000.130: sourcing /home/adri/.local/share/nvim/site/pack/packer/start/vim-snippets/plugin/vimsnippets.vim
239.951  000.132  000.132: sourcing /home/adri/.local/share/nvim/site/pack/packer/start/vimtex/plugin/vimtex.vim
242.268  000.739  000.739: sourcing /home/adri/.local/share/nvim/site/pack/packer/start/vimwiki/autoload/vimwiki/vars.vim
243.692  000.293  000.293: sourcing /home/adri/.local/share/nvim/site/pack/packer/start/vimwiki/autoload/vimwiki/u.vim
248.196  000.149  000.149: sourcing /home/adri/.local/share/nvim/site/pack/packer/start/vimwiki/autoload/vimwiki/markdown_base.vim
248.429  002.361  002.212: sourcing /home/adri/.local/share/nvim/site/pack/packer/start/vimwiki/autoload/vimwiki/base.vim
248.826  000.235  000.235: sourcing /home/adri/.local/share/nvim/site/pack/packer/start/vimwiki/autoload/vimwiki/path.vim
252.011  011.829  008.201: sourcing /home/adri/.local/share/nvim/site/pack/packer/start/vimwiki/plugin/vimwiki.vim
252.173  005.426: loading packages
253.046  000.163  000.163: sourcing /home/adri/.local/share/nvim/site/pack/packer/start/ultisnips/after/plugin/UltiSnips_after.vim
253.290  000.152  000.152: sourcing /home/adri/.local/share/nvim/site/pack/packer/start/cmp-nvim-lsp/after/plugin/cmp_nvim_lsp.lua
253.668  000.012  000.012: sourcing /home/adri/.local/share/nvim/site/pack/packer/start/ultisnips/plugin/UltiSnips.vim
253.980  000.206  000.206: require('cmp_nvim_ultisnips.treesitter')
254.215  000.168  000.168: sourcing /home/adri/.local/share/nvim/site/pack/packer/start/cmp-nvim-ultisnips/autoload/cmp_nvim_ultisnips.vim
254.297  000.933  000.546: sourcing /home/adri/.local/share/nvim/site/pack/packer/start/cmp-nvim-ultisnips/after/plugin/cmp_nvim_ultisnips.lua
255.033  000.514  000.514: require('cmp_luasnip')
255.130  000.741  000.227: sourcing /home/adri/.local/share/nvim/site/pack/packer/start/cmp_luasnip/after/plugin/cmp_luasnip.lua
255.215  001.053: loading after plugins
255.231  000.016: inits 3
258.214  002.983: reading ShaDa
258.790  000.301  000.301: require('luasnip.loaders.from_lua')
259.176  000.346  000.346: require('luasnip.loaders.from_snipmate')
259.223  000.362: opening buffers
259.429  000.207: BufEnter autocommands
259.434  000.004: editing files in windows
260.774  000.677  000.677: require('dap.ui')
260.794  001.321  000.644: require('dap.repl')
261.608  000.504  000.504: require('mason-core.async')
261.613  000.781  000.277: require('mason-core.terminator')
